<?xml version="1.0" encoding="utf-8"?><testsuites name="pytest tests"><testsuite name="pytest" errors="0" failures="0" skipped="1" tests="94" time="24.769" timestamp="2026-09-10T19:17:13.216753+08:00" hostname="雨竹砌筑"><testcase classname="backend.tests.test_api" name="test_api_end_to_end_sse_reconnection_and_retry" time="1.820" /><testcase classname="backend.tests.test_api" name="test_api_rejects_external_repo_origin_and_bad_request" time="0.134" /><testcase classname="backend.tests.test_api" name="test_optional_api_auth" time="0.139" /><testcase classname="backend.tests.test_api" name="test_health_checks_real_configuration_without_disclosing_it" time="0.145" /><testcase classname="backend.tests.test_context_memory" name="test_structured_retrieval_prefers_relevant_symbol" time="0.004" /><testcase classname="backend.tests.test_context_memory" name="test_context_records_failures_and_redacts_secrets" time="0.006" /><testcase classname="backend.tests.test_context_memory" name="test_memory_scope_provenance_and_invalidation" time="0.034" /><testcase classname="backend.tests.test_context_memory" name="test_untrusted_guess_is_never_retrieved" time="0.038" /><testcase classname="backend.tests.test_context_memory" name="test_code_review_skill_really_denies_edits" time="0.003" /><testcase classname="backend.tests.test_decision_case" name="test_mutation_acceptance_requires_the_intended_assertion_not_a_process_failure" time="0.000" /><testcase classname="backend.tests.test_decision_case" name="test_real_process_timeout_is_not_a_successful_negative_control" time="0.461" /><testcase classname="backend.tests.test_harness" name="test_native_end_to_end_with_real_tests_and_isolation" time="1.471" /><testcase classname="backend.tests.test_harness" name="test_mcp_end_to_end_uses_real_stdio_transport" time="2.046" /><testcase classname="backend.tests.test_harness" name="test_replay_provider_reexecutes_real_tools" time="3.184" /><testcase classname="backend.tests.test_harness" name="test_skill_prevents_patch_before_reproduction" time="0.542" /><testcase classname="backend.tests.test_harness" name="test_repair_is_bounded_after_verifier_rejects" time="0.635" /><testcase classname="backend.tests.test_harness" name="test_max_steps" time="0.373" /><testcase classname="backend.tests.test_harness" name="test_context_overflow" time="0.392" /><testcase classname="backend.tests.test_harness" name="test_task_timeout" time="0.736" /><testcase classname="backend.tests.test_harness" name="test_cancel_active_task" time="0.363" /><testcase classname="backend.tests.test_harness" name="test_provider_retries_without_fake_fallback" time="1.842" /><testcase classname="backend.tests.test_harness" name="test_permanent_provider_failure_is_not_retried" time="0.364" /><testcase classname="backend.tests.test_harness" name="test_missing_real_key_fails_explicitly" time="0.337" /><testcase classname="backend.tests.test_harness" name="test_no_verifier_does_not_claim_success" time="1.175" /><testcase classname="backend.tests.test_harness" name="test_memory_disabled_writes_nothing" time="1.480" /><testcase classname="backend.tests.test_harness" name="test_untracked_new_file_is_in_diff" time="1.622" /><testcase classname="backend.tests.test_harness" name="test_approval_gate_waits_for_explicit_decision" time="0.402" /><testcase classname="backend.tests.test_harness" name="test_workspace_retains_gitignore_but_excludes_env" time="1.623" /><testcase classname="backend.tests.test_provider" name="test_real_adapter_validates_http_payload_and_usage" time="0.016" /><testcase classname="backend.tests.test_provider" name="test_provider_errors_do_not_leak_keys[401]" time="0.002" /><testcase classname="backend.tests.test_provider" name="test_provider_errors_do_not_leak_keys[429]" time="0.002" /><testcase classname="backend.tests.test_provider" name="test_provider_errors_do_not_leak_keys[500]" time="0.023" /><testcase classname="backend.tests.test_provider" name="test_malformed_provider_action_fails" time="0.017" /><testcase classname="backend.tests.test_provider" name="test_explicit_vendor_payload_and_provenance[openai]" time="0.015" /><testcase classname="backend.tests.test_provider" name="test_explicit_vendor_payload_and_provenance[deepseek]" time="0.002" /><testcase classname="backend.tests.test_provider" name="test_explicit_vendor_payload_and_provenance[qwen]" time="0.002" /><testcase classname="backend.tests.test_provider" name="test_explicit_vendor_payload_and_provenance[compatible]" time="0.002" /><testcase classname="backend.tests.test_provider" name="test_endpoint_configuration_cannot_send_key_to_ambiguous_url[http://example.com/v1]" time="0.001" /><testcase classname="backend.tests.test_provider" name="test_endpoint_configuration_cannot_send_key_to_ambiguous_url[https://user:secret@example.com/v1]" time="0.001" /><testcase classname="backend.tests.test_provider" name="test_endpoint_configuration_cannot_send_key_to_ambiguous_url[https://example.com/v1?api_key=secret]" time="0.001" /><testcase classname="backend.tests.test_provider" name="test_endpoint_configuration_cannot_send_key_to_ambiguous_url[https://{WorkspaceId}.cn-beijing.maas.aliyuncs.com/compatible-mode/v1]" time="0.001" /><testcase classname="backend.tests.test_provider" name="test_endpoint_configuration_cannot_send_key_to_ambiguous_url[http://127.0.0.1.evil.test:123/v1]" time="0.001" /><testcase classname="backend.tests.test_provider" name="test_configuration_fails_closed_and_redacts_secrets" time="0.001" /><testcase classname="backend.tests.test_provider" name="test_unusable_response_never_becomes_a_zero_cost_success[empty_choices]" time="0.002" /><testcase classname="backend.tests.test_provider" name="test_unusable_response_never_becomes_a_zero_cost_success[truncated]" time="0.002" /><testcase classname="backend.tests.test_provider" name="test_unusable_response_never_becomes_a_zero_cost_success[filtered]" time="0.002" /><testcase classname="backend.tests.test_provider" name="test_unusable_response_never_becomes_a_zero_cost_success[refusal]" time="0.002" /><testcase classname="backend.tests.test_provider" name="test_unusable_response_never_becomes_a_zero_cost_success[empty_content]" time="0.003" /><testcase classname="backend.tests.test_provider" name="test_unusable_response_never_becomes_a_zero_cost_success[usage_missing]" time="0.002" /><testcase classname="backend.tests.test_provider" name="test_unusable_response_never_becomes_a_zero_cost_success[negative_usage]" time="0.002" /><testcase classname="backend.tests.test_provider" name="test_unusable_response_never_becomes_a_zero_cost_success[string_usage]" time="0.002" /><testcase classname="backend.tests.test_provider" name="test_only_explicit_transient_statuses_allow_retry[302-False]" time="0.002" /><testcase classname="backend.tests.test_provider" name="test_only_explicit_transient_statuses_allow_retry[401-False]" time="0.002" /><testcase classname="backend.tests.test_provider" name="test_only_explicit_transient_statuses_allow_retry[429-True]" time="0.002" /><testcase classname="backend.tests.test_provider" name="test_only_explicit_transient_statuses_allow_retry[503-True]" time="0.002" /><testcase classname="backend.tests.test_provider" name="test_timeout_has_unknown_billable_outcome_and_no_automatic_retry" time="0.002" /><testcase classname="backend.tests.test_provider" name="test_smoke_is_one_bounded_non_execution_probe" time="0.145" /><testcase classname="backend.tests.test_provider" name="test_smoke_rejects_valid_json_that_does_not_follow_the_contract" time="0.046" /><testcase classname="backend.tests.test_provider" name="test_missing_smoke_configuration_makes_no_request" time="0.043" /><testcase classname="backend.tests.test_provider" name="test_deepseek_server_variables_are_explicit_and_target_only_official_host" time="0.001" /><testcase classname="backend.tests.test_provider" name="test_smoke_transient_failure_is_one_attempt_and_reports_unknown_usage" time="0.073" /><testcase classname="backend.tests.test_provider" name="test_provider_receipt_never_records_reasoning_or_secret_echo" time="0.030" /><testcase classname="backend.tests.test_provider_task" name="test_fixture_opt_in_precedes_network_or_workspace_creation" time="0.078" /><testcase classname="backend.tests.test_provider_task" name="test_fixture_call_bound_counts_failed_attempts_and_caps_output" time="0.015" /><testcase classname="backend.tests.test_provider_task" name="test_fixture_reports_actual_acceptance_but_labels_injected_provider" time="1.185" /><testcase classname="backend.tests.test_security" name="test_path_boundary[../outside.txt]" time="0.002" /><testcase classname="backend.tests.test_security" name="test_path_boundary[x/../../outside]" time="0.001" /><testcase classname="backend.tests.test_security" name="test_path_boundary[.env]" time="0.003" /><testcase classname="backend.tests.test_security" name="test_path_boundary[.env.local]" time="0.002" /><testcase classname="backend.tests.test_security" name="test_path_boundary[.git/config]" time="0.001" /><testcase classname="backend.tests.test_security" name="test_path_boundary[C:/Windows/win.ini]" time="0.001" /><testcase classname="backend.tests.test_security" name="test_path_boundary[x:stream]" time="0.001" /><testcase classname="backend.tests.test_security" name="test_path_boundary[/etc/passwd]" time="0.002" /><testcase classname="backend.tests.test_security" name="test_path_boundary[x\\..\\a]" time="0.001" /><testcase classname="backend.tests.test_security" name="test_path_boundary[.ssh/id_rsa]" time="0.001" /><testcase classname="backend.tests.test_security" name="test_symlinks_rejected" time="0.002"><skipped type="pytest.skip" message="Host disallows symlink creation without elevation">C:\Users\yzhu\Documents\ChatGPT\RepoPilot\backend\tests\test_security.py:43: Host disallows symlink creation without elevation</skipped></testcase><testcase classname="backend.tests.test_security" name="test_command_allowlist[command0]" time="0.001" /><testcase classname="backend.tests.test_security" name="test_command_allowlist[command1]" time="0.001" /><testcase classname="backend.tests.test_security" name="test_command_allowlist[command2]" time="0.001" /><testcase classname="backend.tests.test_security" name="test_command_allowlist[command3]" time="0.001" /><testcase classname="backend.tests.test_security" name="test_command_allowlist[command4]" time="0.002" /><testcase classname="backend.tests.test_security" name="test_command_allowlist[command5]" time="0.002" /><testcase classname="backend.tests.test_security" name="test_command_allowlist[command6]" time="0.002" /><testcase classname="backend.tests.test_security" name="test_command_allowlist[command7]" time="0.002" /><testcase classname="backend.tests.test_security" name="test_command_allowlist[command8]" time="0.002" /><testcase classname="backend.tests.test_security" name="test_tests_require_trust" time="0.006" /><testcase classname="backend.tests.test_security" name="test_secrets_are_redacted_and_not_in_child_environment" time="0.000" /><testcase classname="backend.tests.test_security" name="test_timeout_kills_process" time="0.595" /><testcase classname="backend.tests.test_security" name="test_output_limit_drains_noisy_child" time="0.062" /><testcase classname="backend.tests.test_security" name="test_cancel_stops_child" time="0.664" /><testcase classname="backend.tests.test_security" name="test_patch_is_exact_and_deletion_requires_approval" time="0.024" /><testcase classname="backend.tests.test_security" name="test_router_does_not_read_secrets" time="0.027" /><testcase classname="backend.tests.test_security" name="test_redacted_structures_preserve_json_envelopes" time="0.001" /><testcase classname="backend.tests.test_security" name="test_patch_preserves_crlf_to_keep_diff_scoped" time="0.033" /></testsuite></testsuites>